{"type":"server-started","port":49797,"host":"127.0.0.1","url_host":"localhost","url":"http://localhost:49797","screen_dir":"/Users/bytedance/Desktop/KOK/ai-chat-notes/.superpowers/brainstorm/7757-1774768938"}
{"type":"screen-added","file":"/Users/bytedance/Desktop/KOK/ai-chat-notes/.superpowers/brainstorm/7757-1774768938/icon-redesign.html"}
{"type":"screen-updated","file":"/Users/bytedance/Desktop/KOK/ai-chat-notes/.superpowers/brainstorm/7757-1774768938/icon-redesign.html"}
{"type":"screen-added","file":"/Users/bytedance/Desktop/KOK/ai-chat-notes/.superpowers/brainstorm/7757-1774768938/icon-correct-color.html"}
{"source":"user-event","type":"click","text":"方案 A: OKLCH 原色\n      使用 CSS 原始 OKLCH 颜色","choice":"design-a","id":null,"timestamp":1774769312138}
{"source":"user-event","type":"click","text":"方案 A: OKLCH 原色\n      使用 CSS 原始 OKLCH 颜色","choice":"design-a","id":null,"timestamp":1774769312158}
{"source":"user-event","type":"click","text":"方案 A: OKLCH 原色\n      使用 CSS 原始 OKLCH 颜色","choice":"design-a","id":null,"timestamp":1774769312330}
{"type":"screen-added","file":"/Users/bytedance/Desktop/KOK/ai-chat-notes/.superpowers/brainstorm/7757-1774768938/icon-minimal.html"}
{"source":"user-event","type":"click","text":"几何 D: 双卡片\n      对话卡片 + 笔记卡片","choice":"geo-d","id":null,"timestamp":1774769465763}
{"type":"screen-added","file":"/Users/bytedance/Desktop/KOK/ai-chat-notes/.superpowers/brainstorm/7757-1774768938/icon-bubble-card.html"}
{"type":"screen-added","file":"/Users/bytedance/Desktop/KOK/ai-chat-notes/.superpowers/brainstorm/7757-1774768938/icon-philosophy.html"}
{"type":"screen-updated","file":"/Users/bytedance/Desktop/KOK/ai-chat-notes/.superpowers/brainstorm/7757-1774768938/icon-philosophy.html"}
{"source":"user-event","type":"click","text":"沉淀 B\n      层叠效果，逐渐沉淀","choice":"settle-b","id":null,"timestamp":1774770189936}
{"type":"screen-added","file":"/Users/bytedance/Desktop/KOK/ai-chat-notes/.superpowers/brainstorm/7757-1774768938/icon-settle-b.html"}
{"source":"user-event","type":"click","text":"无背景 A\n      蓝色渐变透明度沉淀","choice":"nobg-a","id":null,"timestamp":1774770782561}
{"source":"user-event","type":"click","text":"无背景 A\n      蓝色渐变透明度沉淀","choice":"nobg-a","id":null,"timestamp":1774770782737}
{"source":"user-event","type":"click","text":"无背景 A\n      蓝色渐变透明度沉淀","choice":"nobg-a","id":null,"timestamp":1774770782919}
{"type":"screen-added","file":"/Users/bytedance/Desktop/KOK/ai-chat-notes/.superpowers/brainstorm/7757-1774768938/icon-optimized.html"}
{"type":"screen-added","file":"/Users/bytedance/Desktop/KOK/ai-chat-notes/.superpowers/brainstorm/7757-1774768938/icon-corner.html"}
{"type":"screen-added","file":"/Users/bytedance/Desktop/KOK/ai-chat-notes/.superpowers/brainstorm/7757-1774768938/icon-fixed.html"}
{"source":"user-event","type":"click","text":"修正 A\n      圆弧半径 12px","choice":"fix-a","id":null,"timestamp":1774772062092}
{"source":"user-event","type":"click","text":"尾巴 A\n      小尾巴 + 圆弧气泡","choice":"tail-a","id":null,"timestamp":1774772131357}
{"source":"user-event","type":"click","text":"尾巴 B\n      紧凑版","choice":"tail-b","id":null,"timestamp":1774772132555}
{"source":"user-event","type":"click","text":"修正 A\n      圆弧半径 12px","choice":"fix-a","id":null,"timestamp":1774772133961}
{"type":"screen-added","file":"/Users/bytedance/Desktop/KOK/ai-chat-notes/.superpowers/brainstorm/7757-1774768938/icon-corrected.html"}
{"source":"user-event","type":"click","text":"修正 C\n      圆弧半径 10px","choice":"fix-c","id":null,"timestamp":1774772176284}
{"source":"user-event","type":"click","text":"修正 C\n      圆弧半径 10px","choice":"fix-c","id":null,"timestamp":1774772178100}
{"source":"user-event","type":"click","text":"修正 C\n      圆弧半径 10px","choice":"fix-c","id":null,"timestamp":1774772178449}
{"source":"user-event","type":"click","text":"修正 C\n      圆弧半径 10px","choice":"fix-c","id":null,"timestamp":1774772179658}
{"source":"user-event","type":"click","text":"修正 D\n      圆弧半径 7px","choice":"fix-d","id":null,"timestamp":1774772188326}
{"source":"user-event","type":"click","text":"修正 D\n      圆弧半径 7px","choice":"fix-d","id":null,"timestamp":1774772204408}
{"source":"user-event","type":"click","text":"修正 D\n      圆弧半径 7px","choice":"fix-d","id":null,"timestamp":1774772204577}
{"source":"user-event","type":"click","text":"修正 D\n      圆弧半径 7px","choice":"fix-d","id":null,"timestamp":1774772204725}
{"source":"user-event","type":"click","text":"无尾巴\n      圆弧 10px，简洁版","choice":"tail-d","id":null,"timestamp":1774773707940}
{"source":"user-event","type":"click","text":"修正 D\n      圆弧半径 7px","choice":"fix-d","id":null,"timestamp":1774773710942}
{"type":"server-stopped","reason":"idle timeout"}
